<?xml version="1.0" encoding="UTF-8"?>
<!-- Generated by org.testng.reporters.JUnitXMLReporter -->
<testsuite hostname="DESKTOP-NBCL21T" ignored="0" name="Test" tests="4" failures="0" timestamp="08 Jan 2022 08:04:35 GMT" time="98.582" errors="0">
  <testcase name="basePageNavigation" time="0.199" classname="Academy.ValidateNavigationBar"/>
  <testcase name="basePageNavigation" time="0.056" classname="Academy.ValidateTittle"/>
  <testcase name="basePageNavigation" time="5.162" classname="Academy.HomePage"/>
  <testcase name="basePageNavigation" time="2.207" classname="Academy.HomePage"/>
</testsuite> <!-- Test -->
