<?xml version="1.0" encoding="UTF-8"?>
<testsuite xmlns:xsi="http://www.w3.org/2001/XMLSchema-instance" xsi:noNamespaceSchemaLocation="https://maven.apache.org/surefire/maven-surefire-plugin/xsd/surefire-test-report-3.0.xsd" version="3.0" name="TestSuite" time="103.537" tests="4" errors="0" skipped="0" failures="0">
  <properties>
[...]
</properties>
  <testcase name="basePageNavigation" classname="Academy.ValidateNavigationBar" time="0.109">
    <system-out><![CDATA[[TestNGContentHandler] [WARN] It is strongly recommended to add "<!DOCTYPE suite SYSTEM "http://testng.org/testng-1.0.dtd" >" at the top of your file, otherwise TestNG may fail or not work as expected.
firefox
firefox
firefox
]]></system-out>
    <system-err><![CDATA[ERROR StatusLogger No log4j2 configuration file found. Using default configuration: logging only errors to the console.
SLF4J: Failed to load class "org.slf4j.impl.StaticLoggerBinder".
SLF4J: Defaulting to no-operation (NOP) logger implementation
SLF4J: See http://www.slf4j.org/codes.html#StaticLoggerBinder for further details.
1641628977826	geckodriver	INFO	Listening on 127.0.0.1:55498
1641628979766	mozrunner::runner	INFO	Running command: "C:\\Program Files (x86)\\Mozilla Firefox\\firefox.exe" "--marionette" "--remote-debugging-port" "50697" "-no-remote" "-profile" "C:\\Users\\Lenovo\\AppData\\Local\\Temp\\rust_mozprofileKkyTAA"
1641628981025	Marionette	INFO	Marionette enabled
console.warn: SearchSettings: "get: No settings file exists, new profile?" (new NotFoundError("Could not open the file at C:\\Users\\Lenovo\\AppData\\Local\\Temp\\rust_mozprofileKkyTAA\\search.json.mozlz4", (void 0)))
DevTools listening on ws://localhost:50697/devtools/browser/1a2e1afb-9d10-4ba0-977b-25d628ad17c6
1641628988251	Marionette	INFO	Listening on port 59259
1641628988744	RemoteAgent	WARN	TLS certificate errors will be ignored for this session
Jan 08, 2022 1:33:08 PM org.openqa.selenium.remote.ProtocolHandshake createSession
INFO: Detected dialect: W3C
1641628989888	geckodriver	INFO	Listening on 127.0.0.1:51663
1641628990107	mozrunner::runner	INFO	Running command: "C:\\Program Files (x86)\\Mozilla Firefox\\firefox.exe" "--marionette" "--remote-debugging-port" "62539" "-no-remote" "-profile" "C:\\Users\\Lenovo\\AppData\\Local\\Temp\\rust_mozprofilex8peyC"
1641628993789	Marionette	INFO	Marionette enabled
console.warn: SearchSettings: "get: No settings file exists, new profile?" (new NotFoundError("Could not open the file at C:\\Users\\Lenovo\\AppData\\Local\\Temp\\rust_mozprofilex8peyC\\search.json.mozlz4", (void 0)))
DevTools listening on ws://localhost:62539/devtools/browser/344a04a3-fbd9-461e-98fe-0a3d2b63a2f5
1641629006447	Marionette	INFO	Listening on port 59297
console.error: Region.jsm: "Error fetching region" (new Error("TIMEOUT", "resource://gre/modules/Region.jsm", 772))
console.error: Region.jsm: "Failed to fetch region" (new Error("TIMEOUT", "resource://gre/modules/Region.jsm", 419))
1641629007819	RemoteAgent	WARN	TLS certificate errors will be ignored for this session
Jan 08, 2022 1:33:28 PM org.openqa.selenium.remote.ProtocolHandshake createSession
INFO: Detected dialect: W3C
1641629014664	geckodriver	INFO	Listening on 127.0.0.1:62998
1641629015126	mozrunner::runner	INFO	Running command: "C:\\Program Files (x86)\\Mozilla Firefox\\firefox.exe" "--marionette" "--remote-debugging-port" "52784" "-no-remote" "-profile" "C:\\Users\\Lenovo\\AppData\\Local\\Temp\\rust_mozprofilemegVUz"
1641629017205	Marionette	INFO	Marionette enabled
console.warn: SearchSettings: "get: No settings file exists, new profile?" (new NotFoundError("Could not open the file at C:\\Users\\Lenovo\\AppData\\Local\\Temp\\rust_mozprofilemegVUz\\search.json.mozlz4", (void 0)))
console.error: Region.jsm: "Error fetching region" (new AbortError("The operation was aborted. ", (void 0), 770))
console.error: Region.jsm: "Failed to fetch region" (new Error("NO_RESULT", "resource://gre/modules/Region.jsm", 419))
DevTools listening on ws://localhost:52784/devtools/browser/e3e89206-a5a0-4835-b116-2cf337e1870b
1641629040548	Marionette	INFO	Listening on port 59385
1641629041228	RemoteAgent	WARN	TLS certificate errors will be ignored for this session
Jan 08, 2022 1:34:02 PM org.openqa.selenium.remote.ProtocolHandshake createSession
INFO: Detected dialect: W3C
]]></system-err>
  </testcase>
  <testcase name="basePageNavigation" classname="Academy.ValidateTittle" time="0.056"/>
  <testcase name="basePageNavigation[nonrestricted user, 124, Restricted User](1)" classname="Academy.HomePage" time="5.193">
    <system-out><![CDATA[email
password
Restricted User
]]></system-out>
  </testcase>
  <testcase name="basePageNavigation[restricted user, 1924, Non - Restricted User](2)" classname="Academy.HomePage" time="2.251">
    <system-out><![CDATA[email
password
Non - Restricted User
]]></system-out>
  </testcase>
</testsuite>