<?xml version="1.0" encoding="UTF-8"?>
<testng-results ignored="0" total="2" passed="2" failed="0" skipped="0">
  <reporter-output>
  </reporter-output>
  <suite started-at="2022-01-09T05:51:13Z" name="Default suite" finished-at="2022-01-09T05:51:52Z" duration-ms="38985">
    <groups>
    </groups>
    <test started-at="2022-01-09T05:51:13Z" name="Default test" finished-at="2022-01-09T05:51:52Z" duration-ms="38985">
      <class name="Academy.HomePage">
        <test-method is-config="true" signature="initialize()[pri:0, instance:Academy.HomePage@6a66a204]" started-at="2022-01-09T05:51:13Z" name="initialize" finished-at="2022-01-09T05:51:27Z" duration-ms="13971" status="PASS">
          <reporter-output>
          </reporter-output>
        </test-method> <!-- initialize -->
        <test-method signature="basePageNavigation(java.lang.String, java.lang.String, java.lang.String)[pri:0, instance:Academy.HomePage@6a66a204]" started-at="2022-01-09T05:51:27Z" name="basePageNavigation" data-provider="getData" finished-at="2022-01-09T05:51:47Z" duration-ms="19726" status="PASS">
          <params>
            <param index="0">
              <value>
                <![CDATA[nonrestricted user]]>
              </value>
            </param>
            <param index="1">
              <value>
                <![CDATA[124]]>
              </value>
            </param>
            <param index="2">
              <value>
                <![CDATA[Restricted User]]>
              </value>
            </param>
          </params>
          <reporter-output>
          </reporter-output>
        </test-method> <!-- basePageNavigation -->
        <test-method signature="basePageNavigation(java.lang.String, java.lang.String, java.lang.String)[pri:0, instance:Academy.HomePage@6a66a204]" started-at="2022-01-09T05:51:47Z" name="basePageNavigation" data-provider="getData" finished-at="2022-01-09T05:51:50Z" duration-ms="3266" status="PASS">
          <params>
            <param index="0">
              <value>
                <![CDATA[restricted user]]>
              </value>
            </param>
            <param index="1">
              <value>
                <![CDATA[1924]]>
              </value>
            </param>
            <param index="2">
              <value>
                <![CDATA[Non - Restricted User]]>
              </value>
            </param>
          </params>
          <reporter-output>
          </reporter-output>
        </test-method> <!-- basePageNavigation -->
        <test-method is-config="true" signature="teardown()[pri:0, instance:Academy.HomePage@6a66a204]" started-at="2022-01-09T05:51:50Z" name="teardown" finished-at="2022-01-09T05:51:52Z" duration-ms="1972" status="PASS">
          <reporter-output>
          </reporter-output>
        </test-method> <!-- teardown -->
      </class> <!-- Academy.HomePage -->
    </test> <!-- Default test -->
  </suite> <!-- Default suite -->
</testng-results>
